<?xml version="1.0" encoding="UTF-8"?>
<!-- Generated by org.testng.reporters.JUnitReportReporter -->
<testsuite hostname="DESKTOP-U8UULUH" failures="0" tests="3" name="runner.TestRunner" time="45.627" errors="0" timestamp="2022-09-28T09:23:27 IST" skipped="0">
  <testcase classname="runner.TestRunner" name="runScenario" time="2.581"/>
  <system-out/>
  <testcase classname="runner.TestRunner" name="runScenario" time="40.834"/>
  <system-out/>
  <testcase classname="runner.TestRunner" name="runScenario" time="2.212"/>
  <system-out/>
</testsuite> <!-- runner.TestRunner -->
